<?xml version="1.0" encoding="UTF-8"?>
<!-- Generated by org.testng.reporters.JUnitXMLReporter -->
<testsuite ignored="7" hostname="Lenovo-AIO" failures="0" tests="1" name="Default test" time="4.147" errors="0" timestamp="2024-09-05T13:43:06 CEST">
  <testcase classname="Testcases.TestComponents" name="testModals" time="4.104"/>
  <testcase classname="Testcases.TestComponents" name="testSlider" time="0.0">
    <ignored/>
  </testcase> <!-- testSlider -->
  <testcase classname="Testcases.TestComponents" name="testTable" time="0.0">
    <ignored/>
  </testcase> <!-- testTable -->
  <testcase classname="Testcases.TestComponents" name="testOpenNewWindow" time="0.0">
    <ignored/>
  </testcase> <!-- testOpenNewWindow -->
  <testcase classname="Testcases.TestComponents" name="testCalendars" time="0.0">
    <ignored/>
  </testcase> <!-- testCalendars -->
  <testcase classname="Testcases.TestComponents" name="testOpenReplaceWindow" time="0.0">
    <ignored/>
  </testcase> <!-- testOpenReplaceWindow -->
  <testcase classname="Testcases.TestComponents" name="testOpenNewTab" time="0.0">
    <ignored/>
  </testcase> <!-- testOpenNewTab -->
  <testcase classname="Testcases.TestComponents" name="testJavaScriptDelay" time="0.0">
    <ignored/>
  </testcase> <!-- testJavaScriptDelay -->
</testsuite> <!-- Default test -->
