<?xml version="1.0" encoding="UTF-8"?>
<testng-results ignored="0" total="1" passed="1" failed="0" skipped="0">
  <reporter-output>
  </reporter-output>
  <suite started-at="2024-09-05T13:43:02 CEST" name="Default suite" finished-at="2024-09-05T13:43:06 CEST" duration-ms="4147">
    <groups>
    </groups>
    <test started-at="2024-09-05T13:43:02 CEST" name="Default test" finished-at="2024-09-05T13:43:06 CEST" duration-ms="4147">
      <class name="Testcases.TestComponents">
        <test-method signature="testModals()[pri:0, instance:Testcases.TestComponents@710d7aff]" started-at="2024-09-05T13:43:02 CEST" name="testModals" finished-at="2024-09-05T13:43:06 CEST" duration-ms="4104" status="PASS">
          <reporter-output>
          </reporter-output>
        </test-method> <!-- testModals -->
        <test-method is-config="true" signature="tearDown()[pri:0, instance:Testcases.TestComponents@710d7aff]" started-at="2024-09-05T13:43:06 CEST" name="tearDown" finished-at="2024-09-05T13:43:06 CEST" duration-ms="216" status="PASS">
          <reporter-output>
          </reporter-output>
        </test-method> <!-- tearDown -->
      </class> <!-- Testcases.TestComponents -->
    </test> <!-- Default test -->
  </suite> <!-- Default suite -->
</testng-results>
